<?xml version="1.0" encoding="UTF-8"?>
<!-- Generated by org.testng.reporters.JUnitReportReporter -->
<testsuite hostname="EC2AMAZ-S11DBRH" failures="0" tests="3" name="runners.GooglePageRunner" time="0.187" errors="0" timestamp="2024-05-06T16:54:17 GMT" skipped="0">
  <testcase classname="runners.GooglePageRunner" name="runScenario" time="0.011"/>
  <system-out/>
  <testcase classname="runners.GooglePageRunner" name="runScenario" time="0.017"/>
  <system-out/>
  <testcase classname="runners.GooglePageRunner" name="runScenario" time="0.159"/>
  <system-out/>
</testsuite> <!-- runners.GooglePageRunner -->
